George Washington

George Washington

Donald Trump

George Washington

Donald Trump

Michael Phelps

George Washington

Donald Trump

Johnny Bravo

Ben Franklin

Donald Trump

Donald Trump

George Washington

Donald Trump

Donald Trump

Jim Jones

Johnny Bravo

Larry Fitzgerald

Michael Phelps

Ben Franklin

Donald Trump

George Washington

George Washington

Johnny Bravo

Donald Trump
George Washington
Ben Franklin
Jim Jones

Donald Trump

George Washington

Jerry Jones

Johnny Bravo

Donald Trump

Jerry Jones

Jim Jones

George Washington
Jim Jones
Johnny Bravo

Ben Franklin

Ben Franklin

Jim Jones

Ben Franklin

Donald Trump

Donald Trump

Jim Jones

Donald Trump

Johnny Bravo

Donald Trump

Ben Franklin

George Washington

Johnny Bravo

Jim Jones

Donald Trump

Ben Franklin

Donald Trump

Donald Trump

George Washington
Ben Franklin
Larry Fitzgerald
Chuck E Cheese

George Washington

Jim Jones

Jim Jones

Johnny Bravo

Ben Franklin

Jim Jones

Donald Trump

Michael Phelps

Ben Franklin

Donald Trump

George Washington

Donald Trump
Johnny Bravo
Jerry Jones

Johnny Bravo

Larry Fitzgerald
Michael Phelps

Ben Franklin

Michael Phelps

Donald Trump

George Washington

Michael Phelps

George Washington
Larry Fitzgerald

Donald Trump

Donald Trump

George Washington

George Washington

George Washington

Jerry Jones

Jerry Jones

Jerry Jones

Donald Trump
Ben Franklin

Jim Jones

Donald Trump

Donald Trump
Jim Jones
Johnny Bravo
Jerry Jones
Larry Fitzgerald

Ben Franklin

Ben Franklin

Ben Franklin

Donald Trump
George Washington

George Washington

Larry Fitzgerald

Michael Phelps

Larry Fitzgerald

Johnny Bravo

George Washington

Johnny Bravo

Johnny Bravo

Jim Jones

Donald Trump
Jim Jones

Jim Jones

Donald Trump