Marcelo Downs
Kasandra Redd

Charity Blevins

Robena Buckner

Marylynn Blalock

Eura Hemphill
Clarence Baez
Lenny Melton
Cortney Machado
Brigette Mendoza

Cris Frye
Lanita Fish
Carolin Loomis
Belinda Hood
Lanny Little
Lettie Stern
Krystal Klein
Deena Simons
Jamika Gifford
Lucille Sheehan
Beula Sorenson
Martina Varner
Errol Cox
Shawnee Earl
Claudie Baca
Kena Reeder
Jenifer Jacobson
Lea Lockhart
Marica Figueroa
Berna Mann

Maude Wallace

Danielle Pelletier

Diego Alcoz
Caleb Olson

Fernanda Guidry

Alita Nava

Shirley Cramer

Carry Coyle

Luba Lincoln

Adrien Currie
Jarvis Mcbride

Brigitte Engle

Hellen Walter

Shizuko Dube

Edra Kiser

Yasuko Whitehead

Ted Bundy
