StarCraft

Dark Souls
System Shock

Garry's Mod
System Shock
Star Trek

StarCraft

Garry's Mod

Dark Souls

The Witcher

Penumbra

John Wick

Deus Ex

DayZ

Penumbra

Star Trek

Star Trek

System Shock

Amnesia

Star Trek

DayZ
Star Wars

StarCraft

Deus Ex

Star Trek

StarCraft

Alien

Garry's Mod

Penumbra
KOTOR
Star Wars
Star Trek

Half-Life

The Witcher

KOTOR
Garry's Mod
Alien

Counter-Strike

Blade Runner

KOTOR

DayZ

Deus Ex
StarCraft

Star Wars

Star Trek

Fallout

Half-Life

Blade Runner
The Witcher

Deus Ex

StarCraft

Star Wars

Star Trek

System Shock
Alien

KOTOR
System Shock
Mass Effect
Blade Runner

Mass Effect

Red Faction

Red Faction

Dark Souls

Half-Life

The Witcher

Star Wars

Half-Life

System Shock

Garry's Mod

Star Wars

Star Wars

John Wick

John Wick
